  main.cpp
C:\Users\MrPaung\source\repos\GrafkomG-SA2020-Tugas2\GrafkomG-SA2020-Tugas2\main.cpp(18,15): warning C4244: 'initializing': conversion from 'double' to 'float', possible loss of data
C:\Users\MrPaung\source\repos\GrafkomG-SA2020-Tugas2\GrafkomG-SA2020-Tugas2\main.cpp(30,15): warning C4244: 'initializing': conversion from 'double' to 'float', possible loss of data
C:\Users\MrPaung\source\repos\GrafkomG-SA2020-Tugas2\GrafkomG-SA2020-Tugas2\main.cpp(42,15): warning C4244: 'initializing': conversion from 'double' to 'float', possible loss of data
C:\Users\MrPaung\source\repos\GrafkomG-SA2020-Tugas2\GrafkomG-SA2020-Tugas2\main.cpp(54,15): warning C4244: 'initializing': conversion from 'double' to 'float', possible loss of data
C:\Users\MrPaung\source\repos\GrafkomG-SA2020-Tugas2\GrafkomG-SA2020-Tugas2\main.cpp(74,46): warning C4244: 'argument': conversion from 'double' to 'GLfloat', possible loss of data
C:\Users\MrPaung\source\repos\GrafkomG-SA2020-Tugas2\GrafkomG-SA2020-Tugas2\main.cpp(74,27): warning C4244: 'argument': conversion from 'double' to 'GLfloat', possible loss of data
C:\Users\MrPaung\source\repos\GrafkomG-SA2020-Tugas2\GrafkomG-SA2020-Tugas2\main.cpp(82,46): warning C4244: 'argument': conversion from 'double' to 'GLfloat', possible loss of data
C:\Users\MrPaung\source\repos\GrafkomG-SA2020-Tugas2\GrafkomG-SA2020-Tugas2\main.cpp(82,27): warning C4244: 'argument': conversion from 'double' to 'GLfloat', possible loss of data
C:\Users\MrPaung\source\repos\GrafkomG-SA2020-Tugas2\GrafkomG-SA2020-Tugas2\main.cpp(90,54): warning C4244: 'argument': conversion from 'double' to 'GLfloat', possible loss of data
C:\Users\MrPaung\source\repos\GrafkomG-SA2020-Tugas2\GrafkomG-SA2020-Tugas2\main.cpp(90,31): warning C4244: 'argument': conversion from 'double' to 'GLfloat', possible loss of data
C:\Users\MrPaung\source\repos\GrafkomG-SA2020-Tugas2\GrafkomG-SA2020-Tugas2\main.cpp(99,73): warning C4244: 'argument': conversion from 'double' to 'GLfloat', possible loss of data
C:\Users\MrPaung\source\repos\GrafkomG-SA2020-Tugas2\GrafkomG-SA2020-Tugas2\main.cpp(99,30): warning C4244: 'argument': conversion from 'double' to 'GLfloat', possible loss of data
C:\Users\MrPaung\source\repos\GrafkomG-SA2020-Tugas2\GrafkomG-SA2020-Tugas2\main.cpp(108,58): warning C4244: 'argument': conversion from 'double' to 'GLfloat', possible loss of data
C:\Users\MrPaung\source\repos\GrafkomG-SA2020-Tugas2\GrafkomG-SA2020-Tugas2\main.cpp(108,33): warning C4244: 'argument': conversion from 'double' to 'GLfloat', possible loss of data
C:\Users\MrPaung\source\repos\GrafkomG-SA2020-Tugas2\GrafkomG-SA2020-Tugas2\main.cpp(117,75): warning C4244: 'argument': conversion from 'double' to 'GLfloat', possible loss of data
C:\Users\MrPaung\source\repos\GrafkomG-SA2020-Tugas2\GrafkomG-SA2020-Tugas2\main.cpp(117,30): warning C4244: 'argument': conversion from 'double' to 'GLfloat', possible loss of data
C:\Users\MrPaung\source\repos\GrafkomG-SA2020-Tugas2\GrafkomG-SA2020-Tugas2\main.cpp(125,75): warning C4244: 'argument': conversion from 'double' to 'GLfloat', possible loss of data
C:\Users\MrPaung\source\repos\GrafkomG-SA2020-Tugas2\GrafkomG-SA2020-Tugas2\main.cpp(125,30): warning C4244: 'argument': conversion from 'double' to 'GLfloat', possible loss of data
  Generating code
  Previous IPDB not found, fall back to full compilation.
  All 8 functions were compiled because no usable IPDB/IOBJ from previous compilation was found.
  Finished generating code
  GrafkomG-SA2020-Tugas2.vcxproj -> C:\Users\MrPaung\source\repos\GrafkomG-SA2020-Tugas2\x64\Release\GrafkomG-SA2020-Tugas2.exe
